2021-10-27 14:58:19,306 INFO  [Log] <<<<<<<<<<<<<         Execution Kick Off - Reading Master file         >>>>>>>>>>>>> 
2021-10-27 14:58:20,198 INFO  [Log] $$           Test Execution for Application : EPP           $$ 
2021-10-27 14:58:20,287 INFO  [Log] $$           Reading Test Case Details from 'EPP' sheet of Master file           $$ 
2021-10-27 14:58:20,287 INFO  [Log] **************************************************************************************** 
2021-10-27 14:58:20,287 INFO  [Log] $$     EPP_TC001 : CREATE A MANUAL PAYMENT[BANK FRB]     $$ 
2021-10-27 14:58:20,289 INFO  [Log] **************************************************************************************** 
2021-10-27 14:58:23,451 INFO  [Log] XXXXXXXXXXXXXXXXXXXXXXX             Iteration - 1             XXXXXXXXXXXXXXXXXXXXXX 
2021-10-27 14:58:23,453 INFO  [Log] Go To URL [https://portal.uat.fec-frms.fiservapps.com/portal/login?c=D02T021] 
2021-10-27 15:00:39,425 INFO  [Log] Page Name [ EPP_LoginPage]  ###  Field Name [Login Logo]   ###   Action [WaitForPresence]    ###   Locator [By.xpath: //h2[text()='Log in to your account']] 
2021-10-27 15:00:39,453 INFO  [Log] Page Name [ EPP_LoginPage]  ###  Field Name and Value [EPPUserID = DT021TS]   ###   Action [EnterText]    ###   Locator [By.xpath: //input[@id='usrName']] 
2021-10-27 15:00:39,621 INFO  [Log] Page Name [ EPP_LoginPage]  ###  Field Name and Value [EPPPswd = Fiserv@1234]   ###   Action [EnterText]    ###   Locator [By.xpath: //input[@id='usrPwd']] 
2021-10-27 15:00:39,768 INFO  [Log] Page Name [ EPP_LoginPage]  ###  Field Name [LoginButton]   ###   Action [Click]    ###   Locator [By.xpath: //button[text()='Log in']] 
2021-10-27 15:00:39,881 INFO  [Log] Page Name [ EPP_LoginPage]  ###  Field Name [SecurityQuestion]   ###   Action [WaitForPresence]    ###   Locator [By.xpath:  //h2[@id='securityQuestionsHeading']] 
2021-10-27 15:00:44,529 INFO  [Log] Page Name [ EPP_SecurityPage]  ###  Field Name [Security Question]   ###   Action [WaitForPresence]    ###   Locator [By.xpath: //h2[@id='securityQuestionsHeading']] 
2021-10-27 15:00:44,560 INFO  [Log] Page Name [ EPP_SecurityPage]  ###  Field Name [SecurityQuestion1]   ###   Action [GetElementText]    ###   Locator [By.xpath: //p[@id='securityQuestionsSubHeading']//../div[1]//label] 
2021-10-27 15:00:44,622 INFO  [Log] Page Name [ EPP_SecurityPage]  ###  Field Name [SecurityQuestion2]   ###   Action [GetElementText]    ###   Locator [By.xpath: //p[@id='securityQuestionsSubHeading']//../div[2]//label] 
2021-10-27 15:00:56,694 INFO  [Log] Page Name [ EPP_SecurityPage]  ###  Field Name and Value [SecurityQuestion1 = name]   ###   Action [EnterText]    ###   Locator [By.xpath: //p[@id='securityQuestionsSubHeading']//../div[1]//input[@id='newQuestionAns-0']] 
2021-10-27 15:01:00,873 INFO  [Log] Page Name [ EPP_SecurityPage]  ###  Field Name and Value [SecurityQuestion2 = school]   ###   Action [EnterText]    ###   Locator [By.xpath: //p[@id='securityQuestionsSubHeading']//../div[2]//input[@id='newQuestionAns-1']] 
2021-10-27 15:01:13,001 INFO  [Log] Page Name [ EPP_SecurityPage]  ###  Field Name [SecurityQuestions]   ###   Action [Click]    ###   Locator [By.xpath: //button[@id='btnVerifySecurityQuestionsSubmit']] 
2021-10-27 15:01:29,550 INFO  [Log] Page Name [ EPP_ProductSelection]  ###  Field Name [EPP Product Selected]   ###   Action [Click]    ###   Locator [By.xpath: //img[@class='product_logo'][@title='Enterprise Payments Platform']] 
2021-10-27 15:01:39,860 INFO  [Log] Switch To Window With Title As [Unauthorized Access Warning] 
2021-10-27 15:01:41,240 INFO  [Log] Switch To Window With Title As [Enterprise Payments Platform] 
2021-10-27 15:01:43,553 INFO  [Log] Page Name [ EPP_SubMenuPage] ### Field Name [Sub Menu Selected] ### Action [Click]  
2021-10-27 15:03:33,621 ERROR [Log] Could Not Click On [Sub Menu Selected] On Page [ EPP_SubMenuPage] 
org.openqa.selenium.NoSuchElementException: no such element: Unable to locate element: {"method":"xpath","selector":"//a[@class='linkMenu'][text()='Payment Creation']"}
  (Session info: chrome=94.0.4606.81)
For documentation on this error, please visit: http://seleniumhq.org/exceptions/no_such_element.html
Build info: version: '3.9.1', revision: '63f7b50', time: '2018-02-07T22:25:02.294Z'
System info: host: 'NOI-5CD1218R56', ip: '192.168.43.220', os.name: 'Windows 10', os.arch: 'amd64', os.version: '10.0', java.version: '1.8.0_301'
Driver info: org.openqa.selenium.chrome.ChromeDriver
Capabilities {acceptInsecureCerts: false, browserName: chrome, browserVersion: 94.0.4606.81, chrome: {chromedriverVersion: 94.0.4606.61 (418b78f5838ed..., userDataDir: C:\Users\F9Z2G8A\AppData\Lo...}, goog:chromeOptions: {debuggerAddress: localhost:65226}, javascriptEnabled: true, networkConnectionEnabled: false, pageLoadStrategy: normal, platform: WINDOWS, platformName: WINDOWS, proxy: Proxy(), setWindowRect: true, strictFileInteractability: false, timeouts: {implicit: 0, pageLoad: 300000, script: 30000}, unhandledPromptBehavior: accept, webauthn:extension:credBlob: true, webauthn:extension:largeBlob: true, webauthn:virtualAuthenticators: true}
Session ID: 64dd62e744246ef9d8d2526990baffb4
*** Element info: {Using=xpath, value=//a[@class='linkMenu'][text()='Payment Creation']}
	at sun.reflect.NativeConstructorAccessorImpl.newInstance0(Native Method)
	at sun.reflect.NativeConstructorAccessorImpl.newInstance(NativeConstructorAccessorImpl.java:62)
	at sun.reflect.DelegatingConstructorAccessorImpl.newInstance(DelegatingConstructorAccessorImpl.java:45)
	at java.lang.reflect.Constructor.newInstance(Constructor.java:423)
	at org.openqa.selenium.remote.http.W3CHttpResponseCodec.createException(W3CHttpResponseCodec.java:187)
	at org.openqa.selenium.remote.http.W3CHttpResponseCodec.decode(W3CHttpResponseCodec.java:122)
	at org.openqa.selenium.remote.http.W3CHttpResponseCodec.decode(W3CHttpResponseCodec.java:49)
	at org.openqa.selenium.remote.HttpCommandExecutor.execute(HttpCommandExecutor.java:160)
	at org.openqa.selenium.remote.service.DriverCommandExecutor.execute(DriverCommandExecutor.java:83)
	at org.openqa.selenium.remote.RemoteWebDriver.execute(RemoteWebDriver.java:601)
	at org.openqa.selenium.remote.RemoteWebDriver.findElement(RemoteWebDriver.java:371)
	at org.openqa.selenium.remote.RemoteWebDriver.findElementByXPath(RemoteWebDriver.java:473)
	at org.openqa.selenium.By$ByXPath.findElement(By.java:361)
	at org.openqa.selenium.remote.RemoteWebDriver.findElement(RemoteWebDriver.java:363)
	at testframe.application.common.CommonLibrary.getDynamicElementClick(CommonLibrary.java:1302)
	at testframe.application.epp.pages.EPP_MenuOptions.selectSubMenuOptions(EPP_MenuOptions.java:61)
	at testframe.application.epp.businessflow.EppTest.executeTestCase(EppTest.java:150)
	at testframe.application.common.SelectApplicationFlow.executeApplicationFlow(SelectApplicationFlow.java:47)
	at testframe.runmanager.RunDriver.navigateToTest(RunDriver.java:78)
	at sun.reflect.NativeMethodAccessorImpl.invoke0(Native Method)
	at sun.reflect.NativeMethodAccessorImpl.invoke(NativeMethodAccessorImpl.java:62)
	at sun.reflect.DelegatingMethodAccessorImpl.invoke(DelegatingMethodAccessorImpl.java:43)
	at java.lang.reflect.Method.invoke(Method.java:498)
	at org.testng.internal.MethodInvocationHelper.invokeMethod(MethodInvocationHelper.java:104)
	at org.testng.internal.Invoker.invokeMethod(Invoker.java:645)
	at org.testng.internal.Invoker.invokeTestMethod(Invoker.java:851)
	at org.testng.internal.Invoker.invokeTestMethods(Invoker.java:1177)
	at org.testng.internal.TestMethodWorker.invokeTestMethods(TestMethodWorker.java:129)
	at org.testng.internal.TestMethodWorker.run(TestMethodWorker.java:112)
	at org.testng.TestRunner.privateRun(TestRunner.java:756)
	at org.testng.TestRunner.run(TestRunner.java:610)
	at org.testng.SuiteRunner.runTest(SuiteRunner.java:387)
	at org.testng.SuiteRunner.runSequentially(SuiteRunner.java:382)
	at org.testng.SuiteRunner.privateRun(SuiteRunner.java:340)
	at org.testng.SuiteRunner.run(SuiteRunner.java:289)
	at org.testng.SuiteRunnerWorker.runSuite(SuiteRunnerWorker.java:52)
	at org.testng.SuiteRunnerWorker.run(SuiteRunnerWorker.java:86)
	at org.testng.TestNG.runSuitesSequentially(TestNG.java:1293)
	at org.testng.TestNG.runSuitesLocally(TestNG.java:1218)
	at org.testng.TestNG.runSuites(TestNG.java:1133)
	at org.testng.TestNG.run(TestNG.java:1104)
	at org.testng.remote.AbstractRemoteTestNG.run(AbstractRemoteTestNG.java:132)
	at org.testng.remote.RemoteTestNG.initAndRun(RemoteTestNG.java:230)
	at org.testng.remote.RemoteTestNG.main(RemoteTestNG.java:76)
2021-10-27 15:03:35,681 INFO  [Log] Switch To Window With Title As [Enterprise Payments Platform] 
2021-10-27 15:03:37,842 INFO  [Log] Get xpath for Field Name [EPP_CreatePayment] 
2021-10-27 15:03:37,842 INFO  [Log] Page Name [ EPP_CreatePayment]  ###  Field Name and Value [Ordering Bank Account = 021000021]   ###   Action [EnterText]    ###   Locator [By.xpath: //input[@id='OrderInstID']] 
2021-10-27 15:05:27,941 ERROR [Log] Could Not Enter Text [021000021] On Page Name [ EPP_CreatePayment]  And  Field Name [Ordering Bank Account] 
org.openqa.selenium.NoSuchElementException: no such element: Unable to locate element: {"method":"xpath","selector":"//input[@id='OrderInstID']"}
  (Session info: chrome=94.0.4606.81)
For documentation on this error, please visit: http://seleniumhq.org/exceptions/no_such_element.html
Build info: version: '3.9.1', revision: '63f7b50', time: '2018-02-07T22:25:02.294Z'
System info: host: 'NOI-5CD1218R56', ip: '192.168.43.220', os.name: 'Windows 10', os.arch: 'amd64', os.version: '10.0', java.version: '1.8.0_301'
Driver info: org.openqa.selenium.chrome.ChromeDriver
Capabilities {acceptInsecureCerts: false, browserName: chrome, browserVersion: 94.0.4606.81, chrome: {chromedriverVersion: 94.0.4606.61 (418b78f5838ed..., userDataDir: C:\Users\F9Z2G8A\AppData\Lo...}, goog:chromeOptions: {debuggerAddress: localhost:65226}, javascriptEnabled: true, networkConnectionEnabled: false, pageLoadStrategy: normal, platform: WINDOWS, platformName: WINDOWS, proxy: Proxy(), setWindowRect: true, strictFileInteractability: false, timeouts: {implicit: 0, pageLoad: 300000, script: 30000}, unhandledPromptBehavior: accept, webauthn:extension:credBlob: true, webauthn:extension:largeBlob: true, webauthn:virtualAuthenticators: true}
Session ID: 64dd62e744246ef9d8d2526990baffb4
*** Element info: {Using=xpath, value=//input[@id='OrderInstID']}
	at sun.reflect.NativeConstructorAccessorImpl.newInstance0(Native Method)
	at sun.reflect.NativeConstructorAccessorImpl.newInstance(NativeConstructorAccessorImpl.java:62)
	at sun.reflect.DelegatingConstructorAccessorImpl.newInstance(DelegatingConstructorAccessorImpl.java:45)
	at java.lang.reflect.Constructor.newInstance(Constructor.java:423)
	at org.openqa.selenium.remote.http.W3CHttpResponseCodec.createException(W3CHttpResponseCodec.java:187)
	at org.openqa.selenium.remote.http.W3CHttpResponseCodec.decode(W3CHttpResponseCodec.java:122)
	at org.openqa.selenium.remote.http.W3CHttpResponseCodec.decode(W3CHttpResponseCodec.java:49)
	at org.openqa.selenium.remote.HttpCommandExecutor.execute(HttpCommandExecutor.java:160)
	at org.openqa.selenium.remote.service.DriverCommandExecutor.execute(DriverCommandExecutor.java:83)
	at org.openqa.selenium.remote.RemoteWebDriver.execute(RemoteWebDriver.java:601)
	at org.openqa.selenium.remote.RemoteWebDriver.findElement(RemoteWebDriver.java:371)
	at org.openqa.selenium.remote.RemoteWebDriver.findElementByXPath(RemoteWebDriver.java:473)
	at org.openqa.selenium.By$ByXPath.findElement(By.java:361)
	at org.openqa.selenium.remote.RemoteWebDriver.findElement(RemoteWebDriver.java:363)
	at testframe.application.common.CommonLibrary.scrollToElement(CommonLibrary.java:1143)
	at testframe.application.common.CommonLibrary.findElement(CommonLibrary.java:1106)
	at testframe.application.common.CommonLibrary.enterText(CommonLibrary.java:360)
	at testframe.application.epp.pages.EPP_CreatePayment.createOutgoingHVBankPaymentFRB(EPP_CreatePayment.java:69)
	at testframe.application.epp.businessflow.EppTest.executeTestCase(EppTest.java:152)
	at testframe.application.common.SelectApplicationFlow.executeApplicationFlow(SelectApplicationFlow.java:47)
	at testframe.runmanager.RunDriver.navigateToTest(RunDriver.java:78)
	at sun.reflect.NativeMethodAccessorImpl.invoke0(Native Method)
	at sun.reflect.NativeMethodAccessorImpl.invoke(NativeMethodAccessorImpl.java:62)
	at sun.reflect.DelegatingMethodAccessorImpl.invoke(DelegatingMethodAccessorImpl.java:43)
	at java.lang.reflect.Method.invoke(Method.java:498)
	at org.testng.internal.MethodInvocationHelper.invokeMethod(MethodInvocationHelper.java:104)
	at org.testng.internal.Invoker.invokeMethod(Invoker.java:645)
	at org.testng.internal.Invoker.invokeTestMethod(Invoker.java:851)
	at org.testng.internal.Invoker.invokeTestMethods(Invoker.java:1177)
	at org.testng.internal.TestMethodWorker.invokeTestMethods(TestMethodWorker.java:129)
	at org.testng.internal.TestMethodWorker.run(TestMethodWorker.java:112)
	at org.testng.TestRunner.privateRun(TestRunner.java:756)
	at org.testng.TestRunner.run(TestRunner.java:610)
	at org.testng.SuiteRunner.runTest(SuiteRunner.java:387)
	at org.testng.SuiteRunner.runSequentially(SuiteRunner.java:382)
	at org.testng.SuiteRunner.privateRun(SuiteRunner.java:340)
	at org.testng.SuiteRunner.run(SuiteRunner.java:289)
	at org.testng.SuiteRunnerWorker.runSuite(SuiteRunnerWorker.java:52)
	at org.testng.SuiteRunnerWorker.run(SuiteRunnerWorker.java:86)
	at org.testng.TestNG.runSuitesSequentially(TestNG.java:1293)
	at org.testng.TestNG.runSuitesLocally(TestNG.java:1218)
	at org.testng.TestNG.runSuites(TestNG.java:1133)
	at org.testng.TestNG.run(TestNG.java:1104)
	at org.testng.remote.AbstractRemoteTestNG.run(AbstractRemoteTestNG.java:132)
	at org.testng.remote.RemoteTestNG.initAndRun(RemoteTestNG.java:230)
	at org.testng.remote.RemoteTestNG.main(RemoteTestNG.java:76)
2021-10-27 15:05:31,568 INFO  [Log] Switch To Window With Title As [Authentication Gateway] 
2021-10-27 15:05:34,914 INFO  [Log] Page Name [ EPPlogoutPage]  ###  Field Name [Logout Page]   ###   Action [WaitForPresence]    ###   Locator [By.xpath: //a[text()='power_settings_new']] 
2021-10-27 15:05:35,022 INFO  [Log] Page Name [ EPPlogoutPage]  ###  Field Name [Logout Page]   ###   Action [Click]    ###   Locator [By.xpath: //a[text()='power_settings_new']] 
2021-10-27 15:05:58,202 INFO  [Log] Page Name [ EPP_LoginPage]  ###  Field Name [Login Logo]   ###   Action [WaitForPresence]    ###   Locator [By.xpath: //h2[text()='Log in to your account']] 
2021-10-27 15:05:58,389 INFO  [Log] Page Name [ EPP_LoginPage]  ###  Field Name and Value [EPPUserID = DT021KP]   ###   Action [EnterText]    ###   Locator [By.xpath: //input[@id='usrName']] 
2021-10-27 15:06:00,073 INFO  [Log] Page Name [ EPP_LoginPage]  ###  Field Name and Value [EPPPswd = Test@12345]   ###   Action [EnterText]    ###   Locator [By.xpath: //input[@id='usrPwd']] 
2021-10-27 15:06:01,173 INFO  [Log] Page Name [ EPP_LoginPage]  ###  Field Name [LoginButton]   ###   Action [Click]    ###   Locator [By.xpath: //button[text()='Log in']] 
2021-10-27 15:06:01,755 INFO  [Log] Page Name [ EPP_LoginPage]  ###  Field Name [SecurityQuestion]   ###   Action [WaitForPresence]    ###   Locator [By.xpath:  //h2[@id='securityQuestionsHeading']] 
2021-10-27 15:06:13,733 INFO  [Log] Page Name [ EPP_SecurityPage]  ###  Field Name [Security Question]   ###   Action [WaitForPresence]    ###   Locator [By.xpath: //h2[@id='securityQuestionsHeading']] 
2021-10-27 15:06:16,455 INFO  [Log] Page Name [ EPP_SecurityPage]  ###  Field Name [SecurityQuestion1]   ###   Action [GetElementText]    ###   Locator [By.xpath: //p[@id='securityQuestionsSubHeading']//../div[1]//label] 
2021-10-27 15:06:23,792 INFO  [Log] Page Name [ EPP_SecurityPage]  ###  Field Name [SecurityQuestion2]   ###   Action [GetElementText]    ###   Locator [By.xpath: //p[@id='securityQuestionsSubHeading']//../div[2]//label] 
2021-10-27 15:06:33,601 INFO  [Log] Page Name [ EPP_SecurityPage]  ###  Field Name and Value [SecurityQuestion1 = neighbors]   ###   Action [EnterText]    ###   Locator [By.xpath: //p[@id='securityQuestionsSubHeading']//../div[1]//input[@id='newQuestionAns-0']] 
2021-10-27 15:06:48,034 INFO  [Log] Page Name [ EPP_SecurityPage]  ###  Field Name and Value [SecurityQuestion2 = sport]   ###   Action [EnterText]    ###   Locator [By.xpath: //p[@id='securityQuestionsSubHeading']//../div[2]//input[@id='newQuestionAns-1']] 
2021-10-27 15:07:01,021 ERROR [Log] Could Not Enter Text [sport] On Page Name [ EPP_SecurityPage]  And  Field Name [SecurityQuestion2] 
org.openqa.selenium.WebDriverException: chrome not reachable
  (Session info: chrome=94.0.4606.81)
Build info: version: '3.9.1', revision: '63f7b50', time: '2018-02-07T22:25:02.294Z'
System info: host: 'NOI-5CD1218R56', ip: '192.168.43.220', os.name: 'Windows 10', os.arch: 'amd64', os.version: '10.0', java.version: '1.8.0_301'
Driver info: org.openqa.selenium.chrome.ChromeDriver
Capabilities {acceptInsecureCerts: false, browserName: chrome, browserVersion: 94.0.4606.81, chrome: {chromedriverVersion: 94.0.4606.61 (418b78f5838ed..., userDataDir: C:\Users\F9Z2G8A\AppData\Lo...}, goog:chromeOptions: {debuggerAddress: localhost:65226}, javascriptEnabled: true, networkConnectionEnabled: false, pageLoadStrategy: normal, platform: WINDOWS, platformName: WINDOWS, proxy: Proxy(), setWindowRect: true, strictFileInteractability: false, timeouts: {implicit: 0, pageLoad: 300000, script: 30000}, unhandledPromptBehavior: accept, webauthn:extension:credBlob: true, webauthn:extension:largeBlob: true, webauthn:virtualAuthenticators: true}
Session ID: 64dd62e744246ef9d8d2526990baffb4
*** Element info: {Using=xpath, value=//p[@id='securityQuestionsSubHeading']//../div[2]//input[@id='newQuestionAns-1']}
	at sun.reflect.NativeConstructorAccessorImpl.newInstance0(Native Method)
	at sun.reflect.NativeConstructorAccessorImpl.newInstance(NativeConstructorAccessorImpl.java:62)
	at sun.reflect.DelegatingConstructorAccessorImpl.newInstance(DelegatingConstructorAccessorImpl.java:45)
	at java.lang.reflect.Constructor.newInstance(Constructor.java:423)
	at org.openqa.selenium.remote.http.W3CHttpResponseCodec.createException(W3CHttpResponseCodec.java:187)
	at org.openqa.selenium.remote.http.W3CHttpResponseCodec.decode(W3CHttpResponseCodec.java:122)
	at org.openqa.selenium.remote.http.W3CHttpResponseCodec.decode(W3CHttpResponseCodec.java:49)
	at org.openqa.selenium.remote.HttpCommandExecutor.execute(HttpCommandExecutor.java:160)
	at org.openqa.selenium.remote.service.DriverCommandExecutor.execute(DriverCommandExecutor.java:83)
	at org.openqa.selenium.remote.RemoteWebDriver.execute(RemoteWebDriver.java:601)
	at org.openqa.selenium.remote.RemoteWebDriver.findElement(RemoteWebDriver.java:371)
	at org.openqa.selenium.remote.RemoteWebDriver.findElementByXPath(RemoteWebDriver.java:473)
	at org.openqa.selenium.By$ByXPath.findElement(By.java:361)
	at org.openqa.selenium.remote.RemoteWebDriver.findElement(RemoteWebDriver.java:363)
	at testframe.application.common.CommonLibrary.scrollToElement(CommonLibrary.java:1143)
	at testframe.application.common.CommonLibrary.findElement(CommonLibrary.java:1106)
	at testframe.application.common.CommonLibrary.enterText(CommonLibrary.java:360)
	at testframe.application.epp.pages.EPP_SecurityQuestions.enterSecurityQuestions(EPP_SecurityQuestions.java:51)
	at testframe.application.epp.businessflow.EppTest.executeTestCase(EppTest.java:159)
	at testframe.application.common.SelectApplicationFlow.executeApplicationFlow(SelectApplicationFlow.java:47)
	at testframe.runmanager.RunDriver.navigateToTest(RunDriver.java:78)
	at sun.reflect.NativeMethodAccessorImpl.invoke0(Native Method)
	at sun.reflect.NativeMethodAccessorImpl.invoke(NativeMethodAccessorImpl.java:62)
	at sun.reflect.DelegatingMethodAccessorImpl.invoke(DelegatingMethodAccessorImpl.java:43)
	at java.lang.reflect.Method.invoke(Method.java:498)
	at org.testng.internal.MethodInvocationHelper.invokeMethod(MethodInvocationHelper.java:104)
	at org.testng.internal.Invoker.invokeMethod(Invoker.java:645)
	at org.testng.internal.Invoker.invokeTestMethod(Invoker.java:851)
	at org.testng.internal.Invoker.invokeTestMethods(Invoker.java:1177)
	at org.testng.internal.TestMethodWorker.invokeTestMethods(TestMethodWorker.java:129)
	at org.testng.internal.TestMethodWorker.run(TestMethodWorker.java:112)
	at org.testng.TestRunner.privateRun(TestRunner.java:756)
	at org.testng.TestRunner.run(TestRunner.java:610)
	at org.testng.SuiteRunner.runTest(SuiteRunner.java:387)
	at org.testng.SuiteRunner.runSequentially(SuiteRunner.java:382)
	at org.testng.SuiteRunner.privateRun(SuiteRunner.java:340)
	at org.testng.SuiteRunner.run(SuiteRunner.java:289)
	at org.testng.SuiteRunnerWorker.runSuite(SuiteRunnerWorker.java:52)
	at org.testng.SuiteRunnerWorker.run(SuiteRunnerWorker.java:86)
	at org.testng.TestNG.runSuitesSequentially(TestNG.java:1293)
	at org.testng.TestNG.runSuitesLocally(TestNG.java:1218)
	at org.testng.TestNG.runSuites(TestNG.java:1133)
	at org.testng.TestNG.run(TestNG.java:1104)
	at org.testng.remote.AbstractRemoteTestNG.run(AbstractRemoteTestNG.java:132)
	at org.testng.remote.RemoteTestNG.initAndRun(RemoteTestNG.java:230)
	at org.testng.remote.RemoteTestNG.main(RemoteTestNG.java:76)
2021-10-27 15:07:24,061 INFO  [Log] Page Name [ EPP_ProductSelection]  ###  Field Name [EPP Product Selected]   ###   Action [Click]    ###   Locator [By.xpath: //img[@class='product_logo'][@title='Enterprise Payments Platform']] 
